<?xml version="1.0" encoding="UTF-8"?>
<coverage generated="1574082268889" clover="3.2.0">
  <project timestamp="1574082268889" name="All files">
    <metrics statements="32" coveredstatements="14" conditionals="6" coveredconditionals="1" methods="18" coveredmethods="6" elements="56" coveredelements="21" complexity="0" loc="32" ncloc="32" packages="4" files="5" classes="5"/>
    <package name="src">
      <metrics statements="3" coveredstatements="3" conditionals="0" coveredconditionals="0" methods="1" coveredmethods="1"/>
      <file name="store.js" path="/Users/wangdonghai/Documents/WDH_library/myProject/jest-vue/src/store.js">
        <metrics statements="3" coveredstatements="3" conditionals="0" coveredconditionals="0" methods="1" coveredmethods="1"/>
        <line num="4" count="2" type="stmt"/>
        <line num="6" count="2" type="stmt"/>
        <line num="12" count="3" type="stmt"/>
      </file>
    </package>
    <package name="src.containers.TodoList">
      <metrics statements="17" coveredstatements="4" conditionals="4" coveredconditionals="0" methods="9" coveredmethods="2"/>
      <file name="TodoList.vue" path="/Users/wangdonghai/Documents/WDH_library/myProject/jest-vue/src/containers/TodoList/TodoList.vue">
        <metrics statements="17" coveredstatements="4" conditionals="4" coveredconditionals="0" methods="9" coveredmethods="2"/>
        <line num="15" count="1" type="stmt"/>
        <line num="16" count="1" type="stmt"/>
        <line num="24" count="1" type="stmt"/>
        <line num="31" count="1" type="stmt"/>
        <line num="37" count="0" type="stmt"/>
        <line num="40" count="0" type="stmt"/>
        <line num="41" count="0" type="cond" truecount="0" falsecount="2"/>
        <line num="42" count="0" type="stmt"/>
        <line num="47" count="0" type="stmt"/>
        <line num="50" count="0" type="stmt"/>
        <line num="53" count="0" type="stmt"/>
        <line num="54" count="0" type="stmt"/>
        <line num="58" count="0" type="stmt"/>
        <line num="59" count="0" type="cond" truecount="0" falsecount="2"/>
        <line num="60" count="0" type="stmt"/>
        <line num="65" count="0" type="stmt"/>
        <line num="68" count="0" type="stmt"/>
      </file>
    </package>
    <package name="src.containers.TodoList.components">
      <metrics statements="10" coveredstatements="5" conditionals="2" coveredconditionals="1" methods="7" coveredmethods="2"/>
      <file name="Header.vue" path="/Users/wangdonghai/Documents/WDH_library/myProject/jest-vue/src/containers/TodoList/components/Header.vue">
        <metrics statements="5" coveredstatements="5" conditionals="2" coveredconditionals="1" methods="2" coveredmethods="2"/>
        <line num="16" count="1" type="stmt"/>
        <line num="21" count="3" type="stmt"/>
        <line num="29" count="1" type="cond" truecount="1" falsecount="1"/>
        <line num="30" count="1" type="stmt"/>
        <line num="31" count="1" type="stmt"/>
      </file>
      <file name="UndoList.vue" path="/Users/wangdonghai/Documents/WDH_library/myProject/jest-vue/src/containers/TodoList/components/UndoList.vue">
        <metrics statements="5" coveredstatements="0" conditionals="0" coveredconditionals="0" methods="5" coveredmethods="0"/>
        <line num="40" count="0" type="stmt"/>
        <line num="45" count="0" type="stmt"/>
        <line num="48" count="0" type="stmt"/>
        <line num="51" count="0" type="stmt"/>
        <line num="54" count="0" type="stmt"/>
      </file>
    </package>
    <package name="src.utils">
      <metrics statements="2" coveredstatements="2" conditionals="0" coveredconditionals="0" methods="1" coveredmethods="1"/>
      <file name="testUtils.js" path="/Users/wangdonghai/Documents/WDH_library/myProject/jest-vue/src/utils/testUtils.js">
        <metrics statements="2" coveredstatements="2" conditionals="0" coveredconditionals="0" methods="1" coveredmethods="1"/>
        <line num="2" count="1" type="stmt"/>
        <line num="3" count="2" type="stmt"/>
      </file>
    </package>
  </project>
</coverage>
